#
# A fatal error has been detected by the Java Runtime Environment:
#
#  EXCEPTION_ACCESS_VIOLATION (0xc0000005) at pc=0x000000004278beee, pid=6976, tid=4844
#
# JRE version: 6.0_17-b04
# Java VM: Java HotSpot(TM) 64-Bit Server VM (14.3-b01 mixed mode windows-amd64 )
# Problematic frame:
# j  java.awt.DefaultKeyboardFocusManager.dispatchEvent(Ljava/awt/AWTEvent;)Z+1366
#
# If you would like to submit a bug report, please visit:
#   http://java.sun.com/webapps/bugreport/crash.jsp
#

---------------  T H R E A D  ---------------

Current thread (0x000000002a6d9000):  JavaThread "AWT-EventQueue-0" [_thread_in_Java, id=4844, stack(0x00000000dbff0000,0x00000000dfff0000)]

siginfo: ExceptionCode=0xc0000005, reading address 0x000000000063005c

Registers:
EAX=0x0000000049b98f70, EBX=0x000000000063000c, ECX=0x00000000534d6ae8, EDX=0x0000000000000001
ESP=0x00000000dffef2c8, EBP=0x00000000dffef318, ESI=0x00000000000000d0, EDI=0x00000000484095a0
EIP=0x000000004278beee, EFLAGS=0x0000000000010202

Top of Stack: (sp=0x00000000dffef2c8)
0x00000000dffef2c8:   0000000042775969 00000000534d6ae8
0x00000000dffef2d8:   00000000dffef2d8 0000000045dfdace
0x00000000dffef2e8:   00000000dffef378 0000000045dffbe0
0x00000000dffef2f8:   0000000049ea1f08 0000000045dfdb78
0x00000000dffef308:   0000000000000000 00000000dffef370
0x00000000dffef318:   00000000dffef3c0 000000004277589a
0x00000000dffef328:   0000000000000000 0000000000000000
0x00000000dffef338:   0000000000000000 00000000534d6ae8
0x00000000dffef348:   00000000534d6ae8 00000000534d26a8
0x00000000dffef358:   00000000534d26a8 00000000534d26a8
0x00000000dffef368:   0000000058014f70 0000000058014f70
0x00000000dffef378:   000000004d9b0a58 00000000dffef380
0x00000000dffef388:   0000000045bc49db 00000000dffef408
0x00000000dffef398:   0000000045bd5020 0000000049ecfa38
0x00000000dffef3a8:   0000000045bc4cb8 00000000dffef370
0x00000000dffef3b8:   00000000dffef400 00000000dffef450 

Instructions: (pc=0x000000004278beee)
0x000000004278bede:   49 83 c6 30 4c 89 75 e0 48 8b 9c d8 18 02 00 00
0x000000004278beee:   48 8b 53 50 4c 8d 6c 24 08 4c 89 6d f0 ff 63 70 


Stack: [0x00000000dbff0000,0x00000000dfff0000],  sp=0x00000000dffef2c8,  free space=65532k
Native frames: (J=compiled Java code, j=interpreted, Vv=VM code, C=native code)
j  java.awt.DefaultKeyboardFocusManager.dispatchEvent(Ljava/awt/AWTEvent;)Z+1366
j  java.awt.Component.dispatchEventImpl(Ljava/awt/AWTEvent;)V+131
j  java.awt.Container.dispatchEventImpl(Ljava/awt/AWTEvent;)V+42
j  java.awt.Window.dispatchEventImpl(Ljava/awt/AWTEvent;)V+19
j  java.awt.Component.dispatchEvent(Ljava/awt/AWTEvent;)V+2
j  java.awt.EventQueue.dispatchEvent(Ljava/awt/AWTEvent;)V+46
j  java.awt.SequencedEvent.dispatch()V+110


---------------  P R O C E S S  ---------------

Java Threads: ( => current thread )
  0x000000002a5b3800 JavaThread "Timer-2" daemon [_thread_blocked, id=5308, stack(0x0000000208160000,0x000000020c160000)]
  0x000000002a5b6000 JavaThread "com.jniwrapper.NativeResourceCollector" daemon [_thread_blocked, id=6672, stack(0x0000000200160000,0x0000000204160000)]
  0x000000002a5ac000 JavaThread "Code Analyzer updating thread" [_thread_blocked, id=6676, stack(0x0000000174030000,0x0000000178030000)]
  0x000000002a5ad800 JavaThread "Code Analyzer updating thread" [_thread_blocked, id=2436, stack(0x000000016c030000,0x0000000170030000)]
  0x000000002a5ab800 JavaThread "Code Analyzer updating thread" [_thread_blocked, id=6432, stack(0x0000000164030000,0x0000000168030000)]
  0x000000002a5ae800 JavaThread "Code Analyzer updating thread" [_thread_blocked, id=4300, stack(0x000000015c030000,0x0000000160030000)]
  0x000000002a5af000 JavaThread "Active Reference Queue Daemon" daemon [_thread_blocked, id=3456, stack(0x0000000154030000,0x0000000158030000)]
  0x000000002a5aa800 JavaThread "Timer-1" daemon [_thread_blocked, id=3440, stack(0x0000000150030000,0x0000000154030000)]
  0x0000000029e1d000 JavaThread "ClipboardMonitor Timer" daemon [_thread_blocked, id=4452, stack(0x0000000148030000,0x000000014c030000)]
  0x0000000029e19800 JavaThread "Explorer NavigationContext request queue" daemon [_thread_blocked, id=5356, stack(0x000000010fff0000,0x0000000113ff0000)]
  0x0000000029e19000 JavaThread "AddressBar directory emptiness poller" daemon [_thread_blocked, id=4036, stack(0x0000000103ff0000,0x0000000107ff0000)]
  0x0000000029e1b800 JavaThread "Explorer Refresh Service 1989340549" daemon [_thread_blocked, id=5880, stack(0x00000000ffff0000,0x0000000103ff0000)]
  0x0000000029e1f800 JavaThread "Thread-4" daemon [_thread_blocked, id=6780, stack(0x00000000fbff0000,0x00000000ffff0000)]
  0x0000000029e1b000 JavaThread "TimerQueue" daemon [_thread_blocked, id=6184, stack(0x00000000ebff0000,0x00000000efff0000)]
  0x0000000029e1e000 JavaThread "Thread-3" daemon [_thread_blocked, id=2652, stack(0x00000000dfff0000,0x00000000e3ff0000)]
=>0x000000002a6d9000 JavaThread "AWT-EventQueue-0" [_thread_in_Java, id=4844, stack(0x00000000dbff0000,0x00000000dfff0000)]
  0x000000002a6d8800 JavaThread "AWT-Shutdown" [_thread_blocked, id=6856, stack(0x00000000d7ff0000,0x00000000dbff0000)]
  0x0000000029e90800 JavaThread "FelixPackageAdmin" daemon [_thread_blocked, id=5424, stack(0x00000000d3ff0000,0x00000000d7ff0000)]
  0x000000002a348800 JavaThread "FelixStartLevel" daemon [_thread_blocked, id=5420, stack(0x00000000cfff0000,0x00000000d3ff0000)]
  0x000000002a2d6800 JavaThread "FelixDispatchQueue" daemon [_thread_blocked, id=3664, stack(0x00000000cbff0000,0x00000000cfff0000)]
  0x000000002982f800 JavaThread "com.google.common.base.internal.Finalizer" daemon [_thread_blocked, id=3820, stack(0x00000000b3ff0000,0x00000000b7ff0000)]
  0x000000002982e800 JavaThread "AWT-Windows" daemon [_thread_in_native, id=2328, stack(0x00000000abff0000,0x00000000afff0000)]
  0x0000000029885000 JavaThread "Java2D Disposer" daemon [_thread_blocked, id=1792, stack(0x00000000a3ff0000,0x00000000a7ff0000)]
  0x00000000299c3000 JavaThread "Timer-0" [_thread_blocked, id=6020, stack(0x000000009fff0000,0x00000000a3ff0000)]
  0x0000000029704800 JavaThread "EventMgr Dispatcher" daemon [_thread_in_native, id=6808, stack(0x000000009bff0000,0x000000009fff0000)]
  0x00000000287d9800 JavaThread "Low Memory Detector" daemon [_thread_blocked, id=6608, stack(0x000000008fff0000,0x0000000093ff0000)]
  0x00000000287d6000 JavaThread "CompilerThread1" daemon [_thread_blocked, id=5000, stack(0x000000008bff0000,0x000000008fff0000)]
  0x00000000287d5000 JavaThread "CompilerThread0" daemon [_thread_blocked, id=6596, stack(0x0000000087ff0000,0x000000008bff0000)]
  0x0000000028807000 JavaThread "Attach Listener" daemon [_thread_blocked, id=6288, stack(0x0000000083ff0000,0x0000000087ff0000)]
  0x00000000287c4000 JavaThread "Finalizer" daemon [_thread_blocked, id=1188, stack(0x000000007fff0000,0x0000000083ff0000)]
  0x0000000028532800 JavaThread "Reference Handler" daemon [_thread_blocked, id=1592, stack(0x000000007bc70000,0x000000007fc70000)]
  0x0000000028459000 JavaThread "main" [_thread_in_native, id=6920, stack(0x0000000000400000,0x0000000004400000)]

Other Threads:
  0x00000000287c1800 VMThread [stack: 0x000000006d370000,0x0000000071370000] [id=2044]
  0x0000000028825000 WatcherThread [stack: 0x0000000093ff0000,0x0000000097ff0000] [id=1176]

VM state:not at safepoint (normal execution)

VM Mutex/Monitor currently owned by a thread: None

Heap
 PSYoungGen      total 43776K, used 22759K [0x0000000056a70000, 0x0000000059b30000, 0x0000000059b70000)
  eden space 37888K, 58% used [0x0000000056a70000,0x0000000058015810,0x0000000058f70000)
  from space 5888K, 10% used [0x0000000059570000,0x00000000596044c8,0x0000000059b30000)
  to   space 6016K, 0% used [0x0000000058f70000,0x0000000058f70000,0x0000000059550000)
 PSOldGen        total 108608K, used 97918K [0x000000004d770000, 0x0000000054180000, 0x0000000056a70000)
  object space 108608K, 90% used [0x000000004d770000,0x000000005370f828,0x0000000054180000)
 PSPermGen       total 106944K, used 74086K [0x0000000045770000, 0x000000004bfe0000, 0x000000004d770000)
  object space 106944K, 69% used [0x0000000045770000,0x0000000049fc9a20,0x000000004bfe0000)

Dynamic libraries:
0x0000000140000000 - 0x0000000140028000 	C:\Program Files\MATLAB\R2013a\bin\win64\MATLAB.exe
0x00007ffc36220000 - 0x00007ffc363f1000 	C:\WINDOWS\SYSTEM32\ntdll.dll
0x00007ffc353a0000 - 0x00007ffc3544c000 	C:\WINDOWS\System32\KERNEL32.DLL
0x00007ffc32a80000 - 0x00007ffc32c9d000 	C:\WINDOWS\System32\KERNELBASE.dll
0x0000000074460000 - 0x0000000074515000 	C:\Program Files\MATLAB\R2013a\bin\win64\libut.dll
0x0000000073f70000 - 0x0000000074112000 	C:\Program Files\MATLAB\R2013a\bin\win64\libmwfl.dll
0x0000000074970000 - 0x0000000074a18000 	C:\Program Files\MATLAB\R2013a\bin\win64\mcr.dll
0x00000000104d0000 - 0x00000000107ff000 	C:\Program Files\MATLAB\R2013a\bin\win64\libmwservices.dll
0x00007ffc35490000 - 0x00007ffc35498000 	C:\WINDOWS\System32\PSAPI.DLL
0x00007ffc351c0000 - 0x00007ffc35262000 	C:\WINDOWS\System32\ADVAPI32.dll
0x00007ffc35270000 - 0x00007ffc3530e000 	C:\WINDOWS\System32\msvcrt.dll
0x00007ffc354a0000 - 0x00007ffc354f9000 	C:\WINDOWS\System32\sechost.dll
0x00007ffc34d20000 - 0x00007ffc34e41000 	C:\WINDOWS\System32\RPCRT4.dll
0x00007ffc35a10000 - 0x00007ffc35b75000 	C:\WINDOWS\System32\USER32.dll
0x00007ffc32a60000 - 0x00007ffc32a7e000 	C:\WINDOWS\System32\win32u.dll
0x00007ffc35450000 - 0x00007ffc35484000 	C:\WINDOWS\System32\GDI32.dll
0x00007ffc32ea0000 - 0x00007ffc33020000 	C:\WINDOWS\System32\gdi32full.dll
0x0000000180000000 - 0x0000000180156000 	C:\Program Files\MATLAB\R2013a\bin\win64\mvm.dll
0x00007ffc337b0000 - 0x00007ffc34cb8000 	C:\WINDOWS\System32\SHELL32.dll
0x00007ffc32720000 - 0x00007ffc32762000 	C:\WINDOWS\System32\cfgmgr32.dll
0x00007ffc33020000 - 0x00007ffc336fa000 	C:\WINDOWS\System32\windows.storage.dll
0x00007ffc35b80000 - 0x00007ffc35e48000 	C:\WINDOWS\System32\combase.dll
0x00007ffc32da0000 - 0x00007ffc32e95000 	C:\WINDOWS\System32\ucrtbase.dll
0x00007ffc329f0000 - 0x00007ffc32a5a000 	C:\WINDOWS\System32\bcryptPrimitives.dll
0x00007ffc326b0000 - 0x00007ffc326fc000 	C:\WINDOWS\System32\powrprof.dll
0x00007ffc35340000 - 0x00007ffc35392000 	C:\WINDOWS\System32\shlwapi.dll
0x00007ffc326a0000 - 0x00007ffc326af000 	C:\WINDOWS\System32\kernel.appcore.dll
0x00007ffc33700000 - 0x00007ffc337a9000 	C:\WINDOWS\System32\shcore.dll
0x00007ffc32700000 - 0x00007ffc32714000 	C:\WINDOWS\System32\profapi.dll
0x00007ffc35080000 - 0x00007ffc351b8000 	C:\WINDOWS\System32\ole32.dll
0x000000005abd0000 - 0x000000005ac68000 	C:\Program Files\MATLAB\R2013a\bin\win64\MSVCP100.dll
0x000000005aaf0000 - 0x000000005abc2000 	C:\Program Files\MATLAB\R2013a\bin\win64\MSVCR100.dll
0x00000000758a0000 - 0x000000007595f000 	C:\Program Files\MATLAB\R2013a\bin\win64\libmwi18n.dll
0x00000000001b0000 - 0x00000000001d1000 	C:\Program Files\MATLAB\R2013a\bin\win64\libmwmfl_scalar.dll
0x000000005ae10000 - 0x000000005ae19000 	C:\Program Files\MATLAB\R2013a\bin\win64\boost_system-vc100-mt-1_49.dll
0x000000005adf0000 - 0x000000005ae01000 	C:\Program Files\MATLAB\R2013a\bin\win64\boost_thread-vc100-mt-1_49.dll
0x00007ffc21330000 - 0x00007ffc213bc000 	C:\Program Files\MATLAB\R2013a\bin\win64\boost_log-vc100-mt-1_49.dll
0x00007ffc35e50000 - 0x00007ffc35f4a000 	C:\WINDOWS\System32\COMDLG32.dll
0x00007ffc35560000 - 0x00007ffc355ca000 	C:\WINDOWS\System32\WS2_32.dll
0x00007ffc34fc0000 - 0x00007ffc3507f000 	C:\WINDOWS\System32\OLEAUT32.dll
0x00007ffc32d00000 - 0x00007ffc32d9c000 	C:\WINDOWS\System32\msvcp_win.dll
0x000000005a9b0000 - 0x000000005aaee000 	C:\Program Files\MATLAB\R2013a\bin\win64\icuuc49.dll
0x000000005ade0000 - 0x000000005adf0000 	C:\Program Files\MATLAB\R2013a\bin\win64\icuio49.dll
0x00007ffc2e560000 - 0x00007ffc2e593000 	C:\Program Files\MATLAB\R2013a\bin\win64\tbb.dll
0x00007ffc2e720000 - 0x00007ffc2e8b2000 	C:\WINDOWS\SYSTEM32\dbghelp.dll
0x0000000075000000 - 0x00000000753b1000 	C:\Program Files\MATLAB\R2013a\bin\win64\iqm.dll
0x0000000079fb0000 - 0x0000000079fdf000 	C:\Program Files\MATLAB\R2013a\bin\win64\libmwbridge.dll
0x0000000075a20000 - 0x0000000075b0b000 	C:\Program Files\MATLAB\R2013a\bin\win64\libmx.dll
0x00007ffc36060000 - 0x00007ffc3607c000 	C:\WINDOWS\System32\imagehlp.dll
0x000000007a3e0000 - 0x000000007a404000 	C:\Program Files\MATLAB\R2013a\bin\win64\libmex.dll
0x0000000075f10000 - 0x0000000075f57000 	C:\Program Files\MATLAB\R2013a\bin\win64\mpath.dll
0x000000007b680000 - 0x000000007bc66000 	C:\Program Files\MATLAB\R2013a\bin\win64\mlutil.dll
0x0000000010800000 - 0x00000000108b0000 	C:\Program Files\MATLAB\R2013a\bin\win64\m_dispatcher.dll
0x000000007b0a0000 - 0x000000007b2f6000 	C:\Program Files\MATLAB\R2013a\bin\win64\mcos.dll
0x0000000073cc0000 - 0x0000000073e0e000 	C:\Program Files\MATLAB\R2013a\bin\win64\libmwgui.dll
0x00000000108b0000 - 0x00000000111f3000 	C:\Program Files\MATLAB\R2013a\bin\win64\hg.dll
0x0000000074db0000 - 0x0000000074e9b000 	C:\Program Files\MATLAB\R2013a\bin\win64\hgutils.dll
0x0000000011200000 - 0x0000000011a08000 	C:\Program Files\MATLAB\R2013a\bin\win64\m_interpreter.dll
0x0000000075710000 - 0x00000000757d8000 	C:\Program Files\MATLAB\R2013a\bin\win64\jmi.dll
0x0000000011ce0000 - 0x0000000011d8e000 	C:\Program Files\MATLAB\R2013a\bin\win64\udd_mi.dll
0x0000000011d90000 - 0x0000000012177000 	C:\Program Files\MATLAB\R2013a\bin\win64\libmwMATLAB_res.dll
0x0000000011a10000 - 0x0000000011cde000 	C:\Program Files\MATLAB\R2013a\bin\win64\uiw.dll
0x000000007a1f0000 - 0x000000007a20d000 	C:\Program Files\MATLAB\R2013a\bin\win64\mwoles05.DLL
0x0000000012210000 - 0x000000001227c000 	C:\Program Files\MATLAB\R2013a\bin\win64\comcli.dll
0x000000007a450000 - 0x000000007a45c000 	C:\Program Files\MATLAB\R2013a\bin\win64\mlautoregister.dll
0x000000005add0000 - 0x000000005adde000 	C:\Program Files\MATLAB\R2013a\bin\win64\boost_date_time-vc100-mt-1_49.dll
0x000000005a980000 - 0x000000005a9ac000 	C:\Program Files\MATLAB\R2013a\bin\win64\boost_filesystem-vc100-mt-1_49.dll
0x00007ffc2e550000 - 0x00007ffc2e560000 	C:\Program Files\MATLAB\R2013a\bin\win64\boost_iostreams-vc100-mt-1_49.dll
0x00007ffc14c80000 - 0x00007ffc14cc6000 	C:\Program Files\MATLAB\R2013a\bin\win64\boost_serialization-vc100-mt-1_49.dll
0x00000000001e0000 - 0x00000000001ed000 	C:\Program Files\MATLAB\R2013a\bin\win64\libmwresource_core.dll
0x000000005a950000 - 0x000000005a975000 	C:\Program Files\MATLAB\R2013a\bin\win64\LIBEXPAT.dll
0x000000005a7c0000 - 0x000000005a94a000 	C:\Program Files\MATLAB\R2013a\bin\win64\icuin49.dll
0x0000000012180000 - 0x00000000121ce000 	C:\Program Files\MATLAB\R2013a\bin\win64\libmwregexp.dll
0x00000000121e0000 - 0x0000000012202000 	C:\Program Files\MATLAB\R2013a\bin\win64\libmwMATLAB_settings_res.dll
0x0000000012280000 - 0x0000000012286000 	C:\Program Files\MATLAB\R2013a\bin\win64\libmwnativedisplay.dll
0x00007ffc2d700000 - 0x00007ffc2d7ac000 	C:\WINDOWS\WinSxS\amd64_microsoft.windows.common-controls_6595b64144ccf1df_5.82.14393.447_none_0d5aa7fbb6d35646\COMCTL32.dll
0x00007ffc22910000 - 0x00007ffc22928000 	C:\WINDOWS\SYSTEM32\NETAPI32.dll
0x000000005a570000 - 0x000000005a7b1000 	C:\Program Files\MATLAB\R2013a\bin\win64\xerces-c_2_7.dll
0x0000000012290000 - 0x00000000133b2000 	C:\Program Files\MATLAB\R2013a\bin\win64\icudt49.dll
0x0000000074f40000 - 0x0000000074ff6000 	C:\Program Files\MATLAB\R2013a\bin\win64\udd.dll
0x000000005a470000 - 0x000000005a54f000 	C:\Program Files\MATLAB\R2013a\bin\win64\boost_regex-vc100-mt-1_49.dll
0x000000005a450000 - 0x000000005a461000 	C:\Program Files\MATLAB\R2013a\bin\win64\boost_signals-vc100-mt-1_49.dll
0x00007ffc21640000 - 0x00007ffc21668000 	C:\Program Files\MATLAB\R2013a\bin\win64\tbbmalloc.dll
0x000000005a550000 - 0x000000005a567000 	C:\Program Files\MATLAB\R2013a\bin\win64\zlib1.dll
0x00000000754d0000 - 0x0000000075547000 	C:\Program Files\MATLAB\R2013a\bin\win64\xmlcore.dll
0x00000000133d0000 - 0x00000000133f4000 	C:\Program Files\MATLAB\R2013a\bin\win64\graphics_util.dll
0x0000000072f50000 - 0x000000007318f000 	C:\Program Files\MATLAB\R2013a\bin\win64\hgdatatypes.dll
0x0000000076100000 - 0x000000007615a000 	C:\Program Files\MATLAB\R2013a\bin\win64\libmat.dll
0x00000000761c0000 - 0x0000000076200000 	C:\Program Files\MATLAB\R2013a\bin\win64\libmwhardcopy.dll
0x0000000075c70000 - 0x0000000075cce000 	C:\Program Files\MATLAB\R2013a\bin\win64\libuij.dll
0x0000000075820000 - 0x000000007589e000 	C:\Program Files\MATLAB\R2013a\bin\win64\libmwlapack.dll
0x0000000013420000 - 0x0000000013456000 	C:\Program Files\MATLAB\R2013a\bin\win64\libmwgbtutils.dll
0x0000000013400000 - 0x0000000013414000 	C:\Program Files\MATLAB\R2013a\bin\win64\libmwgbt.dll
0x0000000059ef0000 - 0x000000005a44d000 	C:\Program Files\MATLAB\R2013a\bin\win64\mfc100.dll
0x00007ffc2d480000 - 0x00007ffc2d506000 	C:\WINDOWS\SYSTEM32\WINSPOOL.DRV
0x0000000075430000 - 0x00000000754ab000 	C:\Program Files\MATLAB\R2013a\bin\win64\profiler.dll
0x0000000013460000 - 0x00000000136e3000 	C:\Program Files\MATLAB\R2013a\bin\win64\libmwmathutil.dll
0x0000000079f40000 - 0x0000000079f66000 	C:\Program Files\MATLAB\R2013a\bin\win64\libmwmathrng.dll
0x000000007a1b0000 - 0x000000007a1d0000 	C:\Program Files\MATLAB\R2013a\bin\win64\m_pcodeio.dll
0x0000000079b10000 - 0x0000000079b6c000 	C:\Program Files\MATLAB\R2013a\bin\win64\m_ir.dll
0x0000000078ed0000 - 0x0000000079579000 	C:\Program Files\MATLAB\R2013a\bin\win64\m_parser.dll
0x000000007a130000 - 0x000000007a158000 	C:\Program Files\MATLAB\R2013a\bin\win64\m_pcodegen.dll
0x00000000136f0000 - 0x0000000013753000 	C:\Program Files\MATLAB\R2013a\bin\win64\libmwspmatrix.dll
0x0000000013760000 - 0x000000001376e000 	C:\Program Files\MATLAB\R2013a\bin\win64\nativejava_services.dll
0x0000000059ec0000 - 0x0000000059eeb000 	C:\Program Files\MATLAB\R2013a\bin\win64\ATL100.DLL
0x000000007a550000 - 0x000000007a559000 	C:\Program Files\MATLAB\R2013a\bin\win64\uinone.dll
0x0000000013770000 - 0x0000000013796000 	C:\Program Files\MATLAB\R2013a\bin\win64\libmwnativefiledialogs.dll
0x00007ffc1fe10000 - 0x00007ffc1fe2b000 	C:\WINDOWS\SYSTEM32\MPR.dll
0x00007ffc14a70000 - 0x00007ffc14b28000 	C:\Program Files\MATLAB\R2013a\bin\win64\libtex_base.dll
0x000000007a310000 - 0x000000007a325000 	C:\Program Files\MATLAB\R2013a\bin\win64\libmwbinder.dll
0x000000007a4d0000 - 0x000000007a4db000 	C:\Program Files\MATLAB\R2013a\bin\win64\libmwompwrapper.dll
0x0000000072d30000 - 0x0000000072f38000 	C:\Program Files\MATLAB\R2013a\bin\win64\hdf5dll.dll
0x00007ffc2d6f0000 - 0x00007ffc2d6f7000 	C:\WINDOWS\SYSTEM32\MSIMG32.dll
0x00007ffc32270000 - 0x00007ffc3229b000 	C:\WINDOWS\SYSTEM32\bcrypt.dll
0x00000000137a0000 - 0x00000000137b0000 	C:\Program Files\MATLAB\R2013a\bin\win64\libmwmfl_rng.dll
0x0000000074c10000 - 0x0000000074cf8000 	C:\Program Files\MATLAB\R2013a\bin\win64\libmwmathcore.dll
0x000000007a2f0000 - 0x000000007a307000 	C:\Program Files\MATLAB\R2013a\bin\win64\ir_xfmr.dll
0x000000007a4c0000 - 0x000000007a4d0000 	C:\Program Files\MATLAB\R2013a\bin\win64\mtok.dll
0x00000000137c0000 - 0x00000000137cc000 	C:\Program Files\MATLAB\R2013a\bin\win64\libmwplatform_res.dll
0x0000000075ea0000 - 0x0000000075f02000 	C:\Program Files\MATLAB\R2013a\bin\win64\libmwcholmod.dll
0x000000007a460000 - 0x000000007a46d000 	C:\Program Files\MATLAB\R2013a\bin\win64\libmwamd.dll
0x000000007a4b0000 - 0x000000007a4bc000 	C:\Program Files\MATLAB\R2013a\bin\win64\libmwcolamd.dll
0x000000007a290000 - 0x000000007a2a3000 	C:\Program Files\MATLAB\R2013a\bin\win64\libmwblas.dll
0x0000000059e10000 - 0x0000000059eb3000 	C:\WINDOWS\WinSxS\amd64_microsoft.vc90.crt_1fc8b3b9a1e18e3b_9.0.30729.9247_none_08e394a1a83e212f\MSVCR90.dll
0x00007ffc35310000 - 0x00007ffc3533e000 	C:\WINDOWS\System32\IMM32.DLL
0x00007ffc30d10000 - 0x00007ffc30da5000 	C:\WINDOWS\SYSTEM32\UxTheme.dll
0x00007ffc308c0000 - 0x00007ffc308e6000 	C:\WINDOWS\system32\dwmapi.dll
0x000000005d360000 - 0x000000005d36d000 	C:\Program Files\MATLAB\R2013a\bin\win64\MFC100ENU.DLL

VM Arguments:
jvm_args: -XX:PermSize=32m -Xms64m -XX:NewRatio=3 -XX:MaxPermSize=128m -Xmx196m -XX:MaxDirectMemorySize=2147400000 -Dsun.java2d.noddraw=true -Dsun.awt.nopixfmt=true -Xshare:off -Xrs -Dsun.awt.disableMixing=true -Djava.library.path=C:\Program Files\MATLAB\R2013a\bin\win64;C:\Program Files\MATLAB\R2013a\sys\jxbrowser\win64\lib vfprintf abort 
java_command: <unknown>
Launcher Type: generic

Environment Variables:
PATH=C:\WINDOWS\system32;C:\WINDOWS;C:\WINDOWS\System32\Wbem;C:\WINDOWS\System32\WindowsPowerShell\v1.0\;C:\Program Files\MATLAB\R2013a\runtime\win64;C:\Program Files\MATLAB\R2013a\bin;C:\Program Files (x86)\MATLAB\R2010a\runtime\win32;C:\Program Files (x86)\MATLAB\R2010a\bin;C:\Program Files (x86)\Microsoft SQL Server\100\Tools\Binn\;C:\Program Files\Microsoft SQL Server\100\Tools\Binn\;C:\Program Files\Microsoft SQL Server\100\DTS\Binn\;C:\Program Files\Microsoft Windows Performance Toolkit\;C:\Cadence\SPB_16.5\OpenAccess\bin\win32\opt;C:\Cadence\SPB_16.5\tools\Capture;C:\Cadence\SPB_16.5\tools\PSpice\Library;C:\Cadence\SPB_16.5\tools\PSpice;C:\Cadence\SPB_16.5\tools\specctra\bin;C:\Cadence\SPB_16.5\tools\fet\bin;C:\Cadence\SPB_16.5\tools\libutil\bin;C:\Cadence\SPB_16.5\tools\bin;C:\Cadence\SPB_16.5\tools\pcb\bin;;C:\Users\LfARHANGI\AppData\Local\Microsoft\WindowsApps
USERNAME=LfARHANGI
OS=Windows_NT
PROCESSOR_IDENTIFIER=Intel64 Family 6 Model 69 Stepping 1, GenuineIntel



---------------  S Y S T E M  ---------------

OS: Windows NT 6.2 Build 9200 

CPU:total 4 (8 cores per cpu, 2 threads per core) family 6 model 69 stepping 1, cmov, cx8, fxsr, mmx, sse, sse2, sse3, ssse3, sse4.1, sse4.2, ht

Memory: 4k page, physical 8269204k(5807152k free), swap 9579924k(6820456k free)

vm_info: Java HotSpot(TM) 64-Bit Server VM (14.3-b01) for windows-amd64 JRE (1.6.0_17-b04), built on Oct 11 2009 00:46:08 by "java_re" with MS VC++ 8.0

time: Mon Jul 31 18:17:45 2017
elapsed time: 1100 seconds

